Using pre-set license
Built from '2020.2/release' branch; Version is '2020.2.2f1 (068178b99f32) revision 426360'; Using compiler version '192528614'; Build Type 'Release'
OS: 'Windows 10 Home; OS build 19041.867; Version 2004; 64bit' Language: 'en' Physical Memory: 7068 MB
BatchMode: 1, IsHumanControllingUs: 0, StartBugReporterOnCrash: 0, Is64bit: 1, IsPro: 0

 COMMAND LINE ARGUMENTS:
C:\Program Files\Unity\Hub\Editor\2020.2.2f1\Editor\Unity.exe
-adb2
-batchMode
-noUpm
-name
AssetImportWorker0
-projectPath
C:/Users/Stephane/Documents/GitHub/TurnBasedStrategy
-logFile
Logs/AssetImportWorker0.log
-srvPort
51414
Successfully changed project path to: C:/Users/Stephane/Documents/GitHub/TurnBasedStrategy
C:/Users/Stephane/Documents/GitHub/TurnBasedStrategy
Using Asset Import Pipeline V2.
Refreshing native plugins compatible for Editor in 28.04 ms, found 0 plugins.
Preloading 0 native plugins for Editor in 0.00 ms.
Initialize engine version: 2020.2.2f1 (068178b99f32)
[Subsystems] Discovering subsystems at path C:/Program Files/Unity/Hub/Editor/2020.2.2f1/Editor/Data/Resources/UnitySubsystems
[Subsystems] Discovering subsystems at path C:/Users/Stephane/Documents/GitHub/TurnBasedStrategy/Assets
GfxDevice: creating device client; threaded=0
Direct3D:
    Version:  Direct3D 11.0 [level 11.1]
    Renderer: AMD Radeon(TM) RX Vega 10 Graphics (ID=0x15dd)
    Vendor:   
    VRAM:     3534 MB
    Driver:   23.20.840.0
Initialize mono
Mono path[0] = 'C:/Program Files/Unity/Hub/Editor/2020.2.2f1/Editor/Data/Managed'
Mono path[1] = 'C:/Program Files/Unity/Hub/Editor/2020.2.2f1/Editor/Data/MonoBleedingEdge/lib/mono/unityjit'
Mono config path = 'C:/Program Files/Unity/Hub/Editor/2020.2.2f1/Editor/Data/MonoBleedingEdge/etc'
Using monoOptions --debugger-agent=transport=dt_socket,embedding=1,server=y,suspend=n,address=127.0.0.1:56920
Begin MonoManager ReloadAssembly
Registering precompiled unity dll's ...
Register platform support module: C:/Program Files/Unity/Hub/Editor/2020.2.2f1/Editor/Data/PlaybackEngines/WindowsStandaloneSupport/UnityEditor.WindowsStandalone.Extensions.dll
Registered in 0.001825 seconds.
Native extension for WindowsStandalone target not found
Refreshing native plugins compatible for Editor in 33.30 ms, found 0 plugins.
Preloading 0 native plugins for Editor in 0.00 ms.
Invoked RoslynAnalysisRunner static constructor.
RoslynAnalysisRunner will not be running.
RoslynAnalysisRunner has terminated.
Mono: successfully reloaded assembly
- Completed reload, in  2.741 seconds
Platform modules already initialized, skipping
Registering precompiled user dll's ...
Registered in 0.000948 seconds.
Begin MonoManager ReloadAssembly
Native extension for WindowsStandalone target not found
Refreshing native plugins compatible for Editor in 0.27 ms, found 0 plugins.
Preloading 0 native plugins for Editor in 0.00 ms.
Invoked RoslynAnalysisRunner static constructor.
RoslynAnalysisRunner will not be running.
RoslynAnalysisRunner has terminated.
Mono: successfully reloaded assembly
- Completed reload, in  1.439 seconds
Platform modules already initialized, skipping
========================================================================
Worker process is ready to serve import requests
Launched and connected shader compiler UnityShaderCompiler.exe after 0.07 seconds
Refreshing native plugins compatible for Editor in 0.32 ms, found 0 plugins.
Preloading 0 native plugins for Editor in 0.00 ms.
Unloading 1099 Unused Serialized files (Serialized files now loaded: 0)
System memory in use before: 56.5 MB.
System memory in use after: 56.5 MB.

Unloading 10 unused Assets to reduce memory usage. Loaded Objects now: 1540.
Total: 2.955000 ms (FindLiveObjects: 0.248200 ms CreateObjectMapping: 0.059800 ms MarkObjects: 2.527800 ms  DeleteObjects: 0.117200 ms)

========================================================================
Received Import Request.
  path: Assets/Scenes
  artifactKey: Guid(1ca841e57c6772a4a96383116c66637e) Importer(815301076,1909f56bfc062723c751e8b465ee728b)
Start importing Assets/Scenes using Guid(1ca841e57c6772a4a96383116c66637e) Importer(815301076,1909f56bfc062723c751e8b465ee728b)  -> (artifact id: 'fc3d506d82275308d74a146a372dfcc3') in 0.014732 seconds
  Import took 0.018296 seconds .

========================================================================
Received Import Request.
  Time since last request: 0.000330 seconds.
  path: Assets/Scenes/SampleScene.unity
  artifactKey: Guid(9fc0d4010bbf28b4594072e72b8655ab) Importer(815301076,1909f56bfc062723c751e8b465ee728b)
Start importing Assets/Scenes/SampleScene.unity using Guid(9fc0d4010bbf28b4594072e72b8655ab) Importer(815301076,1909f56bfc062723c751e8b465ee728b)  -> (artifact id: '9831e44e2a700a6e1119228b2d38e767') in 0.025160 seconds
  Import took 0.029034 seconds .

========================================================================
Received Import Request.
  Time since last request: 8.834003 seconds.
  path: Assets/Scenes/GameScene.unity
  artifactKey: Guid(c476ed6b636c1cc409c39990bd6a21e1) Importer(815301076,1909f56bfc062723c751e8b465ee728b)
Start importing Assets/Scenes/GameScene.unity using Guid(c476ed6b636c1cc409c39990bd6a21e1) Importer(815301076,1909f56bfc062723c751e8b465ee728b)  -> (artifact id: '3487b053a203fde6f3e6de2a54c52f9d') in 0.014060 seconds
  Import took 0.017381 seconds .

========================================================================
Received Import Request.
  Time since last request: 52.125655 seconds.
  path: Assets
  artifactKey: Guid(00000000000000001000000000000000) Importer(815301076,1909f56bfc062723c751e8b465ee728b)
Start importing Assets using Guid(00000000000000001000000000000000) Importer(815301076,1909f56bfc062723c751e8b465ee728b)  -> (artifact id: '4a6e520b92ccfc61bcfa21a7bcab8468') in 0.018576 seconds
  Import took 0.024555 seconds .

========================================================================
Received Import Request.
  Time since last request: 0.000626 seconds.
  path: Assets
  artifactKey: Guid(00000000000000001000000000000000) Importer(815301076,1909f56bfc062723c751e8b465ee728b)
Start importing Assets using Guid(00000000000000001000000000000000) Importer(815301076,1909f56bfc062723c751e8b465ee728b)  -> (artifact id: '4a6e520b92ccfc61bcfa21a7bcab8468') in 0.004267 seconds
  Import took 0.007119 seconds .

========================================================================
Received Import Request.
  Time since last request: 4.196726 seconds.
  path: Assets/Prefabs
  artifactKey: Guid(20b16b0337a93e040a204c516edcb2ce) Importer(815301076,1909f56bfc062723c751e8b465ee728b)
Start importing Assets/Prefabs using Guid(20b16b0337a93e040a204c516edcb2ce) Importer(815301076,1909f56bfc062723c751e8b465ee728b)  -> (artifact id: 'd912fd79627e35c0e4972beff3634786') in 0.016057 seconds
  Import took 0.020560 seconds .

========================================================================
Received Import Request.
  Time since last request: 9.414418 seconds.
  path: Assets/Materials
  artifactKey: Guid(35dce9f5d707ed240bee0e4f5dfd6d7d) Importer(815301076,1909f56bfc062723c751e8b465ee728b)
Start importing Assets/Materials using Guid(35dce9f5d707ed240bee0e4f5dfd6d7d) Importer(815301076,1909f56bfc062723c751e8b465ee728b)  -> (artifact id: '657d25d03e7d6831ce1b166a310b39b4') in 0.010788 seconds
  Import took 0.013192 seconds .

========================================================================
Received Import Request.
  Time since last request: 56.803292 seconds.
  path: Assets/Materials/UnitCubeDefaultMaterial.mat
  artifactKey: Guid(a99de3eedaedc3f4ab119f3d86bc0c60) Importer(815301076,1909f56bfc062723c751e8b465ee728b)
Start importing Assets/Materials/UnitCubeDefaultMaterial.mat using Guid(a99de3eedaedc3f4ab119f3d86bc0c60) Importer(815301076,1909f56bfc062723c751e8b465ee728b)  -> (artifact id: '119521859597a04916a7ba2f53202223') in 0.196199 seconds
  Import took 0.199758 seconds .

